# JRE version: OpenJDK Runtime Environment (11.0.12+7) (build 11.0.12+7-b1504.28-7817840)
# Java VM: OpenJDK 64-Bit Server VM (11.0.12+7-b1504.28-7817840, mixed mode, tiered, compressed oops, g1 gc, windows-amd64)
Heap:
 garbage-first heap   total 227328K, used 50452K [0x0000000089600000, 0x0000000100000000)
  region size 1024K, 5 young (5120K), 5 survivors (5120K)
 Metaspace       used 59437K, capacity 60129K, committed 60160K, reserved 1101824K
  class space    used 6599K, capacity 6881K, committed 6912K, reserved 1048576K
GC Heap History (17 events):
Event: 0.394 GC heap before
{Heap before GC invocations=0 (full 0):
 garbage-first heap   total 122880K, used 27648K [0x0000000089600000, 0x0000000100000000)
  region size 1024K, 24 young (24576K), 0 survivors (0K)
 Metaspace       used 12030K, capacity 12146K, committed 12416K, reserved 1060864K
  class space    used 1075K, capacity 1109K, committed 1152K, reserved 1048576K
}
Event: 0.397 GC heap after
{Heap after GC invocations=1 (full 0):
 garbage-first heap   total 122880K, used 6204K [0x0000000089600000, 0x0000000100000000)
  region size 1024K, 3 young (3072K), 3 survivors (3072K)
 Metaspace       used 12030K, capacity 12146K, committed 12416K, reserved 1060864K
  class space    used 1075K, capacity 1109K, committed 1152K, reserved 1048576K
}
Event: 0.862 GC heap before
{Heap before GC invocations=1 (full 0):
 garbage-first heap   total 122880K, used 45116K [0x0000000089600000, 0x0000000100000000)
  region size 1024K, 42 young (43008K), 3 survivors (3072K)
 Metaspace       used 21072K, capacity 21247K, committed 21296K, reserved 1069056K
  class space    used 2202K, capacity 2301K, committed 2304K, reserved 1048576K
}
Event: 0.872 GC heap after
{Heap after GC invocations=2 (full 0):
 garbage-first heap   total 122880K, used 9681K [0x0000000089600000, 0x0000000100000000)
  region size 1024K, 7 young (7168K), 7 survivors (7168K)
 Metaspace       used 21072K, capacity 21247K, committed 21296K, reserved 1069056K
  class space    used 2202K, capacity 2301K, committed 2304K, reserved 1048576K
}
Event: 1.562 GC heap before
{Heap before GC invocations=3 (full 0):
 garbage-first heap   total 122880K, used 67025K [0x0000000089600000, 0x0000000100000000)
  region size 1024K, 58 young (59392K), 7 survivors (7168K)
 Metaspace       used 32805K, capacity 33260K, committed 33536K, reserved 1079296K
  class space    used 4081K, capacity 4276K, committed 4352K, reserved 1048576K
}
Event: 1.584 GC heap after
{Heap after GC invocations=4 (full 0):
 garbage-first heap   total 122880K, used 21263K [0x0000000089600000, 0x0000000100000000)
  region size 1024K, 8 young (8192K), 8 survivors (8192K)
 Metaspace       used 32805K, capacity 33260K, committed 33536K, reserved 1079296K
  class space    used 4081K, capacity 4276K, committed 4352K, reserved 1048576K
}
Event: 1.717 GC heap before
{Heap before GC invocations=4 (full 0):
 garbage-first heap   total 122880K, used 32527K [0x0000000089600000, 0x0000000100000000)
  region size 1024K, 20 young (20480K), 8 survivors (8192K)
 Metaspace       used 35341K, capacity 35756K, committed 35840K, reserved 1081344K
  class space    used 4352K, capacity 4532K, committed 4608K, reserved 1048576K
}
Event: 1.730 GC heap after
{Heap after GC invocations=5 (full 0):
 garbage-first heap   total 122880K, used 22763K [0x0000000089600000, 0x0000000100000000)
  region size 1024K, 2 young (2048K), 2 survivors (2048K)
 Metaspace       used 35341K, capacity 35756K, committed 35840K, reserved 1081344K
  class space    used 4352K, capacity 4532K, committed 4608K, reserved 1048576K
}
Event: 2.186 GC heap before
{Heap before GC invocations=6 (full 0):
 garbage-first heap   total 122880K, used 64747K [0x0000000089600000, 0x0000000100000000)
  region size 1024K, 43 young (44032K), 2 survivors (2048K)
 Metaspace       used 43275K, capacity 43753K, committed 44032K, reserved 1087488K
  class space    used 5127K, capacity 5316K, committed 5376K, reserved 1048576K
}
Event: 2.195 GC heap after
{Heap after GC invocations=7 (full 0):
 garbage-first heap   total 165888K, used 24565K [0x0000000089600000, 0x0000000100000000)
  region size 1024K, 6 young (6144K), 6 survivors (6144K)
 Metaspace       used 43275K, capacity 43753K, committed 44032K, reserved 1087488K
  class space    used 5127K, capacity 5316K, committed 5376K, reserved 1048576K
}
Event: 2.942 GC heap before
{Heap before GC invocations=7 (full 0):
 garbage-first heap   total 165888K, used 90101K [0x0000000089600000, 0x0000000100000000)
  region size 1024K, 67 young (68608K), 6 survivors (6144K)
 Metaspace       used 50087K, capacity 50653K, committed 50944K, reserved 1093632K
  class space    used 5808K, capacity 6026K, committed 6144K, reserved 1048576K
}
Event: 2.957 GC heap after
{Heap after GC invocations=8 (full 0):
 garbage-first heap   total 165888K, used 31728K [0x0000000089600000, 0x0000000100000000)
  region size 1024K, 9 young (9216K), 9 survivors (9216K)
 Metaspace       used 50087K, capacity 50653K, committed 50944K, reserved 1093632K
  class space    used 5808K, capacity 6026K, committed 6144K, reserved 1048576K
}
Event: 4.250 GC heap before
{Heap before GC invocations=8 (full 0):
 garbage-first heap   total 165888K, used 106480K [0x0000000089600000, 0x0000000100000000)
  region size 1024K, 82 young (83968K), 9 survivors (9216K)
 Metaspace       used 53413K, capacity 54003K, committed 54144K, reserved 1097728K
  class space    used 6003K, capacity 6239K, committed 6272K, reserved 1048576K
}
Event: 4.280 GC heap after
{Heap after GC invocations=9 (full 0):
 garbage-first heap   total 165888K, used 45140K [0x0000000089600000, 0x0000000100000000)
  region size 1024K, 11 young (11264K), 11 survivors (11264K)
 Metaspace       used 53413K, capacity 54003K, committed 54144K, reserved 1097728K
  class space    used 6003K, capacity 6239K, committed 6272K, reserved 1048576K
}
Event: 5.239 GC heap before
{Heap before GC invocations=9 (full 0):
 garbage-first heap   total 165888K, used 107604K [0x0000000089600000, 0x0000000100000000)
  region size 1024K, 72 young (73728K), 11 survivors (11264K)
 Metaspace       used 57233K, capacity 57861K, committed 58112K, reserved 1101824K
  class space    used 6411K, capacity 6649K, committed 6656K, reserved 1048576K
}
Event: 5.269 GC heap after
{Heap after GC invocations=10 (full 0):
 garbage-first heap   total 165888K, used 49152K [0x0000000089600000, 0x0000000100000000)
  region size 1024K, 3 young (3072K), 3 survivors (3072K)
 Metaspace       used 57233K, capacity 57861K, committed 58112K, reserved 1101824K
  class space    used 6411K, capacity 6649K, committed 6656K, reserved 1048576K
}
Event: 6.006 GC heap before
{Heap before GC invocations=10 (full 0):
 garbage-first heap   total 165888K, used 63488K [0x0000000089600000, 0x0000000100000000)
  region size 1024K, 18 young (18432K), 3 survivors (3072K)
 Metaspace       used 59437K, capacity 60129K, committed 60160K, reserved 1101824K
  class space    used 6599K, capacity 6881K, committed 6912K, reserved 1048576K
}

