# JRE version: OpenJDK Runtime Environment (11.0.12+7) (build 11.0.12+7-b1504.28-7817840)
# Java VM: OpenJDK 64-Bit Server VM (11.0.12+7-b1504.28-7817840, mixed mode, tiered, compressed oops, g1 gc, windows-amd64)
Heap:
 garbage-first heap   total 162816K, used 33713K [0x0000000089600000, 0x0000000100000000)
  region size 1024K, 15 young (15360K), 5 survivors (5120K)
 Metaspace       used 45960K, capacity 46426K, committed 46592K, reserved 1089536K
  class space    used 5422K, capacity 5605K, committed 5632K, reserved 1048576K
GC Heap History (10 events):
Event: 0.512 GC heap before
{Heap before GC invocations=0 (full 0):
 garbage-first heap   total 122880K, used 27648K [0x0000000089600000, 0x0000000100000000)
  region size 1024K, 24 young (24576K), 0 survivors (0K)
 Metaspace       used 12029K, capacity 12146K, committed 12416K, reserved 1060864K
  class space    used 1075K, capacity 1109K, committed 1152K, reserved 1048576K
}
Event: 0.518 GC heap after
{Heap after GC invocations=1 (full 0):
 garbage-first heap   total 122880K, used 6156K [0x0000000089600000, 0x0000000100000000)
  region size 1024K, 3 young (3072K), 3 survivors (3072K)
 Metaspace       used 12029K, capacity 12146K, committed 12416K, reserved 1060864K
  class space    used 1075K, capacity 1109K, committed 1152K, reserved 1048576K
}
Event: 1.010 GC heap before
{Heap before GC invocations=1 (full 0):
 garbage-first heap   total 122880K, used 44044K [0x0000000089600000, 0x0000000100000000)
  region size 1024K, 41 young (41984K), 3 survivors (3072K)
 Metaspace       used 21074K, capacity 21247K, committed 21296K, reserved 1069056K
  class space    used 2198K, capacity 2301K, committed 2304K, reserved 1048576K
}
Event: 1.023 GC heap after
{Heap after GC invocations=2 (full 0):
 garbage-first heap   total 122880K, used 9643K [0x0000000089600000, 0x0000000100000000)
  region size 1024K, 7 young (7168K), 7 survivors (7168K)
 Metaspace       used 21074K, capacity 21247K, committed 21296K, reserved 1069056K
  class space    used 2198K, capacity 2301K, committed 2304K, reserved 1048576K
}
Event: 1.874 GC heap before
{Heap before GC invocations=3 (full 0):
 garbage-first heap   total 122880K, used 65963K [0x0000000089600000, 0x0000000100000000)
  region size 1024K, 57 young (58368K), 7 survivors (7168K)
 Metaspace       used 32652K, capacity 33100K, committed 33280K, reserved 1079296K
  class space    used 4063K, capacity 4244K, committed 4352K, reserved 1048576K
}
Event: 1.894 GC heap after
{Heap after GC invocations=4 (full 0):
 garbage-first heap   total 122880K, used 21260K [0x0000000089600000, 0x0000000100000000)
  region size 1024K, 8 young (8192K), 8 survivors (8192K)
 Metaspace       used 32652K, capacity 33100K, committed 33280K, reserved 1079296K
  class space    used 4063K, capacity 4244K, committed 4352K, reserved 1048576K
}
Event: 2.026 GC heap before
{Heap before GC invocations=4 (full 0):
 garbage-first heap   total 122880K, used 32524K [0x0000000089600000, 0x0000000100000000)
  region size 1024K, 20 young (20480K), 8 survivors (8192K)
 Metaspace       used 35344K, capacity 35756K, committed 35840K, reserved 1081344K
  class space    used 4352K, capacity 4532K, committed 4608K, reserved 1048576K
}
Event: 2.041 GC heap after
{Heap after GC invocations=5 (full 0):
 garbage-first heap   total 122880K, used 22961K [0x0000000089600000, 0x0000000100000000)
  region size 1024K, 2 young (2048K), 2 survivors (2048K)
 Metaspace       used 35344K, capacity 35756K, committed 35840K, reserved 1081344K
  class space    used 4352K, capacity 4532K, committed 4608K, reserved 1048576K
}
Event: 2.625 GC heap before
{Heap before GC invocations=6 (full 0):
 garbage-first heap   total 122880K, used 64945K [0x0000000089600000, 0x0000000100000000)
  region size 1024K, 43 young (44032K), 2 survivors (2048K)
 Metaspace       used 43339K, capacity 43817K, committed 44032K, reserved 1087488K
  class space    used 5128K, capacity 5316K, committed 5376K, reserved 1048576K
}
Event: 2.646 GC heap after
{Heap after GC invocations=7 (full 0):
 garbage-first heap   total 162816K, used 24497K [0x0000000089600000, 0x0000000100000000)
  region size 1024K, 5 young (5120K), 5 survivors (5120K)
 Metaspace       used 43339K, capacity 43817K, committed 44032K, reserved 1087488K
  class space    used 5128K, capacity 5316K, committed 5376K, reserved 1048576K
}

